C51 COMPILER V9.00   GPIO_SPI                                                              12/13/2020 11:34:14 PAGE 1   


C51 COMPILER V9.00, COMPILATION OF MODULE GPIO_SPI
OBJECT MODULE PLACED IN .\out\gpio_spi.obj
COMPILER INVOKED BY: D:\Program Files (x86)\keil\C51\BIN\C51.EXE src\gpio_spi.c LARGE BROWSE INCDIR(.\lib;.\src\input) D
                    -EBUG OBJECTEXTEND PRINT(.\listing\gpio_spi.lst) OBJECT(.\out\gpio_spi.obj)

line level    source

   1          #include <reg52.h>
   2          #include <intrins.h>
   3          #include "gpio_spi.h"
   4          
   5          
   6          /* 使用GPIO模拟SPI */
   7          static void SPI_GPIO_Init(void)
   8          {
   9   1              /* init pin here */
  10   1              RES = 0;
  11   1              _nop_();
  12   1              _nop_();
  13   1              _nop_();
  14   1              RES = 1;
  15   1      }
  16          
  17          static void SPI_Set_CLK(char val)
  18          {
  19   1              if(val)
  20   1                      SCK = 1;
  21   1              else
  22   1                      SCK = 0;
  23   1      }
  24          
  25          static void SPI_Set_DO(char val)
  26          {
  27   1              if(val)
  28   1                      SDA = 1;
  29   1              else
  30   1                      SDA = 0;
  31   1                      
  32   1      }
  33          
  34          void SPISendByte(unsigned char val)
  35          {
  36   1              int i;
  37   1              for(i=0;i<8;i++)
  38   1              {
  39   2                      SPI_Set_CLK(0);
  40   2                      SPI_Set_DO((val & 0x80)>>7);
  41   2                      _nop_();
  42   2                      val <<= 1;
  43   2                      SPI_Set_CLK(1);
  44   2                      _nop_();
  45   2                      SPI_Set_CLK(0);
  46   2                      
  47   2              }
  48   1      }
  49          
  50          void SPIInit(void)
  51          {
  52   1              /* 初始化引脚 */
  53   1              SPI_GPIO_Init();
  54   1      }
C51 COMPILER V9.00   GPIO_SPI                                                              12/13/2020 11:34:14 PAGE 2   



MODULE INFORMATION:   STATIC OVERLAYABLE
   CODE SIZE        =     79    ----
   CONSTANT SIZE    =   ----    ----
   XDATA SIZE       =   ----    ----
   PDATA SIZE       =   ----    ----
   DATA SIZE        =   ----    ----
   IDATA SIZE       =   ----    ----
   BIT SIZE         =   ----    ----
END OF MODULE INFORMATION.


C51 COMPILATION COMPLETE.  0 WARNING(S),  0 ERROR(S)
