C51 COMPILER V9.00   UART                                                                  12/13/2020 11:34:15 PAGE 1   


C51 COMPILER V9.00, COMPILATION OF MODULE UART
OBJECT MODULE PLACED IN .\out\uart.obj
COMPILER INVOKED BY: D:\Program Files (x86)\keil\C51\BIN\C51.EXE src\uart.c LARGE BROWSE INCDIR(.\lib;.\src\input) DEBUG
                    - OBJECTEXTEND PRINT(.\listing\uart.lst) OBJECT(.\out\uart.obj)

line level    source

   1          #include <REG52.H>
   2          #include "uart.h"
   3          unsigned char index = 0;
   4          unsigned char data buf[20];
   5          void Uart_Init(void)            //9600bps@11.0592MHz
   6          {
   7   1              SCON=0X50;                      //设置为工作方式1
   8   1              TMOD=0X20;                      //设置计数器工作方式2
   9   1              PCON=0X80;                      //波特率加倍
  10   1              TH1=0XF3;                               //计数器初始值设置，注意波特率是9600的
  11   1              TL1=0XF3;
  12   1              ES=1;                                           //打开接收中断
  13   1              EA=1;                                           //打开总中断
  14   1              TR1=1;                                  //打开计数器
  15   1      }
  16          
  17          /*void Uart_Isr() interrupt 4 using 1
  18          {
  19                  if(RI==0)return;
  20                  ES=0;
  21                  RI=0;
  22                  buf[index++]=SBUF;
  23                  if(SBUF=='!');
  24                  ES=1;
  25          
  26          }       */
  27          
  28          void Uart_SendData(unsigned char *dat)
  29          {
  30   1          ES = 0;
  31   1          while(*dat != '\0')
  32   1              {
  33   2                      SBUF = *dat;
  34   2              dat++;
  35   2                      while(!TI);
  36   2              TI = 0;
  37   2              }
  38   1          ES = 1;
  39   1      }


MODULE INFORMATION:   STATIC OVERLAYABLE
   CODE SIZE        =     48    ----
   CONSTANT SIZE    =   ----    ----
   XDATA SIZE       =      1    ----
   PDATA SIZE       =   ----    ----
   DATA SIZE        =     20    ----
   IDATA SIZE       =   ----    ----
   BIT SIZE         =   ----    ----
END OF MODULE INFORMATION.


C51 COMPILATION COMPLETE.  0 WARNING(S),  0 ERROR(S)
